<?xml version="1.0" encoding="UTF-8"?>
<testng-results ignored="0" total="1" passed="1" failed="0" skipped="0">
  <reporter-output>
  </reporter-output>
  <suite started-at="2025-08-08T17:44:57 IST" name="Default suite" finished-at="2025-08-08T17:44:58 IST" duration-ms="51">
    <groups>
    </groups>
    <test started-at="2025-08-08T17:44:57 IST" name="Default test" finished-at="2025-08-08T17:44:58 IST" duration-ms="51">
      <class name="august08_2025.ConnectingToChrome">
        <test-method signature="testMethod()[pri:0, instance:august08_2025.ConnectingToChrome@8458f04]" started-at="2025-08-08T17:44:58 IST" name="testMethod" finished-at="2025-08-08T17:44:58 IST" duration-ms="10" status="PASS">
          <reporter-output>
          </reporter-output>
        </test-method> <!-- testMethod -->
      </class> <!-- august08_2025.ConnectingToChrome -->
    </test> <!-- Default test -->
  </suite> <!-- Default suite -->
</testng-results>
